<testsuites id="" name="" tests="63" failures="0" skipped="0" errors="0" time="32.916551">
<testsuite name="api\integration.spec.ts" timestamp="2026-05-27T23:54:21.042Z" hostname="chromium" tests="4" failures="0" skipped="0" time="0.9" errors="0">
<testcase name="API Integration Tests - Conduit Backend Services › 1. Debería registrar un nuevo usuario con datos únicos" classname="api\integration.spec.ts" time="0.464">
</testcase>
<testcase name="API Integration Tests - Conduit Backend Services › 2. Debería iniciar sesión correctamente con las credenciales registradas" classname="api\integration.spec.ts" time="0.174">
</testcase>
<testcase name="API Integration Tests - Conduit Backend Services › 3. Debería crear un nuevo artículo exitosamente mediante API" classname="api\integration.spec.ts" time="0.138">
</testcase>
<testcase name="API Integration Tests - Conduit Backend Services › 4. Debería eliminar el artículo creado previamente por API" classname="api\integration.spec.ts" time="0.124">
</testcase>
</testsuite>
<testsuite name="hybrid\e2e-flows.spec.ts" timestamp="2026-05-27T23:54:21.042Z" hostname="chromium" tests="1" failures="0" skipped="0" time="3.376" errors="0">
<testcase name="Hybrid E2E Flows - Seeding API + Validación UI › Debería publicar un comentario en un artículo de forma híbrida" classname="hybrid\e2e-flows.spec.ts" time="3.376">
</testcase>
</testsuite>
<testsuite name="smoke.spec.ts" timestamp="2026-05-27T23:54:21.042Z" hostname="chromium" tests="4" failures="0" skipped="0" time="7.332" errors="0">
<testcase name="Smoke Tests - Verificación de Disponibilidad Crítica › 1. Validar disponibilidad de la Home Page y Navbar" classname="smoke.spec.ts" time="2.238">
</testcase>
<testcase name="Smoke Tests - Verificación de Disponibilidad Crítica › 2. Validar disponibilidad de la página de Sign In (Login)" classname="smoke.spec.ts" time="2.245">
</testcase>
<testcase name="Smoke Tests - Verificación de Disponibilidad Crítica › 3. Validar disponibilidad de la página de Sign Up (Registro)" classname="smoke.spec.ts" time="2.074">
</testcase>
<testcase name="Smoke Tests - Verificación de Disponibilidad Crítica › 4. Validar conectividad de red con el backend de API" classname="smoke.spec.ts" time="0.775">
</testcase>
</testsuite>
<testsuite name="ui\accessibility.spec.ts" timestamp="2026-05-27T23:54:21.042Z" hostname="chromium" tests="2" failures="0" skipped="0" time="8.756" errors="0">
<testcase name="Accessibility audits - Axe Core WCAG Standards › Debería analizar accesibilidad en la página de Home" classname="ui\accessibility.spec.ts" time="5.119">
<system-err>
<![CDATA[[Accesibilidad] Se detectaron 4 violaciones en la Home: [
  {
    id: [32m'color-contrast'[39m,
    impact: [32m'serious'[39m,
    description: [32m'Ensure the contrast between foreground and background colors meets WCAG 2 AA minimum contrast ratio thresholds'[39m
  },
  {
    id: [32m'html-has-lang'[39m,
    impact: [32m'serious'[39m,
    description: [32m'Ensure every HTML document has a lang attribute'[39m
  },
  {
    id: [32m'image-alt'[39m,
    impact: [32m'critical'[39m,
    description: [32m'Ensure <img> elements have alternative text or a role of none or presentation'[39m
  },
  {
    id: [32m'link-name'[39m,
    impact: [32m'serious'[39m,
    description: [32m'Ensure links have discernible text'[39m
  }
]
]]>
</system-err>
</testcase>
<testcase name="Accessibility audits - Axe Core WCAG Standards › Debería analizar accesibilidad en la página de Login" classname="ui\accessibility.spec.ts" time="3.637">
<system-err>
<![CDATA[[Accesibilidad] Se detectaron 2 violaciones en la página de Login: [
  {
    id: [32m'color-contrast'[39m,
    impact: [32m'serious'[39m,
    description: [32m'Ensure the contrast between foreground and background colors meets WCAG 2 AA minimum contrast ratio thresholds'[39m
  },
  {
    id: [32m'html-has-lang'[39m,
    impact: [32m'serious'[39m,
    description: [32m'Ensure every HTML document has a lang attribute'[39m
  }
]
]]>
</system-err>
</testcase>
</testsuite>
<testsuite name="ui\functional.spec.ts" timestamp="2026-05-27T23:54:21.042Z" hostname="chromium" tests="3" failures="0" skipped="0" time="6.397" errors="0">
<testcase name="UI Functional Tests - Escenarios Edge &amp; Boundary › Límite (Boundary): No debería iniciar sesión con campos de credenciales vacíos" classname="ui\functional.spec.ts" time="2.115">
</testcase>
<testcase name="UI Functional Tests - Escenarios Edge &amp; Boundary › Caso de Borde (Edge): No debería iniciar sesión con formato de correo electrónico inválido" classname="ui\functional.spec.ts" time="2.477">
</testcase>
<testcase name="UI Functional Tests - Escenarios Edge &amp; Boundary › Límite (Boundary): No debería iniciar sesión con usuario inexistente" classname="ui\functional.spec.ts" time="1.805">
</testcase>
</testsuite>
<testsuite name="ui\integration.spec.ts" timestamp="2026-05-27T23:54:21.042Z" hostname="chromium" tests="2" failures="0" skipped="0" time="2.837" errors="0">
<testcase name="UI Integration Tests - Interceptación y Mocking de Peticiones › Debería manejar correctamente un error 500 al cargar la lista de etiquetas" classname="ui\integration.spec.ts" time="1.242">
</testcase>
<testcase name="UI Integration Tests - Interceptación y Mocking de Peticiones › Debería renderizar la UI con una lista de artículos simulados (Mocking)" classname="ui\integration.spec.ts" time="1.595">
</testcase>
</testsuite>
<testsuite name="ui\performance.spec.ts" timestamp="2026-05-27T23:54:21.042Z" hostname="chromium" tests="2" failures="0" skipped="0" time="2.343" errors="0">
<testcase name="UI Frontend Performance - Core Web Vitals › Debería medir y validar rendimiento en la página de Home" classname="ui\performance.spec.ts" time="1.207">
<system-out>
<![CDATA[[Rendimiento - Home]: {
  "ttfb": 74,
  "domContentLoaded": 523,
  "loadTime": 614,
  "fcp": 560
}
]]>
</system-out>
</testcase>
<testcase name="UI Frontend Performance - Core Web Vitals › Debería medir y validar rendimiento en la página de Login" classname="ui\performance.spec.ts" time="1.136">
<system-out>
<![CDATA[[Rendimiento - Login]: {
  "ttfb": 162,
  "domContentLoaded": 524,
  "loadTime": 584,
  "fcp": 560
}
]]>
</system-out>
</testcase>
</testsuite>
<testsuite name="unit\helpers.spec.ts" timestamp="2026-05-27T23:54:21.042Z" hostname="chromium" tests="3" failures="0" skipped="0" time="0.015" errors="0">
<testcase name="Pruebas Unitarias - Helpers de Utilidad › Debería generar un usuario aleatorio con formato válido" classname="unit\helpers.spec.ts" time="0.008">
</testcase>
<testcase name="Pruebas Unitarias - Helpers de Utilidad › Debería formatear correctamente la fecha en formato YYYY-MM-DD" classname="unit\helpers.spec.ts" time="0.004">
</testcase>
<testcase name="Pruebas Unitarias - Helpers de Utilidad › Debería remover espacios innecesarios y saltos de línea al sanitizar texto" classname="unit\helpers.spec.ts" time="0.003">
</testcase>
</testsuite>
<testsuite name="api\integration.spec.ts" timestamp="2026-05-27T23:54:21.042Z" hostname="firefox" tests="4" failures="0" skipped="0" time="1.063" errors="0">
<testcase name="API Integration Tests - Conduit Backend Services › 1. Debería registrar un nuevo usuario con datos únicos" classname="api\integration.spec.ts" time="0.538">
</testcase>
<testcase name="API Integration Tests - Conduit Backend Services › 2. Debería iniciar sesión correctamente con las credenciales registradas" classname="api\integration.spec.ts" time="0.237">
</testcase>
<testcase name="API Integration Tests - Conduit Backend Services › 3. Debería crear un nuevo artículo exitosamente mediante API" classname="api\integration.spec.ts" time="0.161">
</testcase>
<testcase name="API Integration Tests - Conduit Backend Services › 4. Debería eliminar el artículo creado previamente por API" classname="api\integration.spec.ts" time="0.127">
</testcase>
</testsuite>
<testsuite name="hybrid\e2e-flows.spec.ts" timestamp="2026-05-27T23:54:21.042Z" hostname="firefox" tests="1" failures="0" skipped="0" time="7.14" errors="0">
<testcase name="Hybrid E2E Flows - Seeding API + Validación UI › Debería publicar un comentario en un artículo de forma híbrida" classname="hybrid\e2e-flows.spec.ts" time="7.14">
</testcase>
</testsuite>
<testsuite name="smoke.spec.ts" timestamp="2026-05-27T23:54:21.042Z" hostname="firefox" tests="4" failures="0" skipped="0" time="11.182" errors="0">
<testcase name="Smoke Tests - Verificación de Disponibilidad Crítica › 1. Validar disponibilidad de la Home Page y Navbar" classname="smoke.spec.ts" time="2.76">
</testcase>
<testcase name="Smoke Tests - Verificación de Disponibilidad Crítica › 2. Validar disponibilidad de la página de Sign In (Login)" classname="smoke.spec.ts" time="2.699">
</testcase>
<testcase name="Smoke Tests - Verificación de Disponibilidad Crítica › 3. Validar disponibilidad de la página de Sign Up (Registro)" classname="smoke.spec.ts" time="5.266">
</testcase>
<testcase name="Smoke Tests - Verificación de Disponibilidad Crítica › 4. Validar conectividad de red con el backend de API" classname="smoke.spec.ts" time="0.457">
</testcase>
</testsuite>
<testsuite name="ui\accessibility.spec.ts" timestamp="2026-05-27T23:54:21.042Z" hostname="firefox" tests="2" failures="0" skipped="0" time="42.331" errors="0">
<testcase name="Accessibility audits - Axe Core WCAG Standards › Debería analizar accesibilidad en la página de Home" classname="ui\accessibility.spec.ts" time="21.701">
<system-err>
<![CDATA[[Accesibilidad] Se detectaron 4 violaciones en la Home: [
  {
    id: [32m'color-contrast'[39m,
    impact: [32m'serious'[39m,
    description: [32m'Ensure the contrast between foreground and background colors meets WCAG 2 AA minimum contrast ratio thresholds'[39m
  },
  {
    id: [32m'html-has-lang'[39m,
    impact: [32m'serious'[39m,
    description: [32m'Ensure every HTML document has a lang attribute'[39m
  },
  {
    id: [32m'image-alt'[39m,
    impact: [32m'critical'[39m,
    description: [32m'Ensure <img> elements have alternative text or a role of none or presentation'[39m
  },
  {
    id: [32m'link-name'[39m,
    impact: [32m'serious'[39m,
    description: [32m'Ensure links have discernible text'[39m
  }
]
]]>
</system-err>
</testcase>
<testcase name="Accessibility audits - Axe Core WCAG Standards › Debería analizar accesibilidad en la página de Login" classname="ui\accessibility.spec.ts" time="20.63">
<system-err>
<![CDATA[[Accesibilidad] Se detectaron 2 violaciones en la página de Login: [
  {
    id: [32m'color-contrast'[39m,
    impact: [32m'serious'[39m,
    description: [32m'Ensure the contrast between foreground and background colors meets WCAG 2 AA minimum contrast ratio thresholds'[39m
  },
  {
    id: [32m'html-has-lang'[39m,
    impact: [32m'serious'[39m,
    description: [32m'Ensure every HTML document has a lang attribute'[39m
  }
]
]]>
</system-err>
</testcase>
</testsuite>
<testsuite name="ui\functional.spec.ts" timestamp="2026-05-27T23:54:21.042Z" hostname="firefox" tests="3" failures="0" skipped="0" time="18.437" errors="0">
<testcase name="UI Functional Tests - Escenarios Edge &amp; Boundary › Límite (Boundary): No debería iniciar sesión con campos de credenciales vacíos" classname="ui\functional.spec.ts" time="4.39">
</testcase>
<testcase name="UI Functional Tests - Escenarios Edge &amp; Boundary › Caso de Borde (Edge): No debería iniciar sesión con formato de correo electrónico inválido" classname="ui\functional.spec.ts" time="8.842">
</testcase>
<testcase name="UI Functional Tests - Escenarios Edge &amp; Boundary › Límite (Boundary): No debería iniciar sesión con usuario inexistente" classname="ui\functional.spec.ts" time="5.205">
</testcase>
</testsuite>
<testsuite name="ui\integration.spec.ts" timestamp="2026-05-27T23:54:21.042Z" hostname="firefox" tests="2" failures="0" skipped="0" time="9.112" errors="0">
<testcase name="UI Integration Tests - Interceptación y Mocking de Peticiones › Debería manejar correctamente un error 500 al cargar la lista de etiquetas" classname="ui\integration.spec.ts" time="5.773">
</testcase>
<testcase name="UI Integration Tests - Interceptación y Mocking de Peticiones › Debería renderizar la UI con una lista de artículos simulados (Mocking)" classname="ui\integration.spec.ts" time="3.339">
</testcase>
</testsuite>
<testsuite name="ui\performance.spec.ts" timestamp="2026-05-27T23:54:21.042Z" hostname="firefox" tests="2" failures="0" skipped="0" time="5.09" errors="0">
<testcase name="UI Frontend Performance - Core Web Vitals › Debería medir y validar rendimiento en la página de Home" classname="ui\performance.spec.ts" time="2.686">
<system-out>
<![CDATA[[Rendimiento - Home]: {
  "ttfb": 197,
  "domContentLoaded": 897,
  "loadTime": 1210,
  "fcp": 886
}
]]>
</system-out>
</testcase>
<testcase name="UI Frontend Performance - Core Web Vitals › Debería medir y validar rendimiento en la página de Login" classname="ui\performance.spec.ts" time="2.404">
<system-out>
<![CDATA[[Rendimiento - Login]: {
  "ttfb": 191,
  "domContentLoaded": 772,
  "loadTime": 1017,
  "fcp": 765
}
]]>
</system-out>
</testcase>
</testsuite>
<testsuite name="unit\helpers.spec.ts" timestamp="2026-05-27T23:54:21.042Z" hostname="firefox" tests="3" failures="0" skipped="0" time="0.012" errors="0">
<testcase name="Pruebas Unitarias - Helpers de Utilidad › Debería generar un usuario aleatorio con formato válido" classname="unit\helpers.spec.ts" time="0.006">
</testcase>
<testcase name="Pruebas Unitarias - Helpers de Utilidad › Debería formatear correctamente la fecha en formato YYYY-MM-DD" classname="unit\helpers.spec.ts" time="0.003">
</testcase>
<testcase name="Pruebas Unitarias - Helpers de Utilidad › Debería remover espacios innecesarios y saltos de línea al sanitizar texto" classname="unit\helpers.spec.ts" time="0.003">
</testcase>
</testsuite>
<testsuite name="api\integration.spec.ts" timestamp="2026-05-27T23:54:21.042Z" hostname="webkit" tests="4" failures="0" skipped="0" time="0.848" errors="0">
<testcase name="API Integration Tests - Conduit Backend Services › 1. Debería registrar un nuevo usuario con datos únicos" classname="api\integration.spec.ts" time="0.402">
</testcase>
<testcase name="API Integration Tests - Conduit Backend Services › 2. Debería iniciar sesión correctamente con las credenciales registradas" classname="api\integration.spec.ts" time="0.208">
</testcase>
<testcase name="API Integration Tests - Conduit Backend Services › 3. Debería crear un nuevo artículo exitosamente mediante API" classname="api\integration.spec.ts" time="0.137">
</testcase>
<testcase name="API Integration Tests - Conduit Backend Services › 4. Debería eliminar el artículo creado previamente por API" classname="api\integration.spec.ts" time="0.101">
</testcase>
</testsuite>
<testsuite name="hybrid\e2e-flows.spec.ts" timestamp="2026-05-27T23:54:21.042Z" hostname="webkit" tests="1" failures="0" skipped="0" time="6.569" errors="0">
<testcase name="Hybrid E2E Flows - Seeding API + Validación UI › Debería publicar un comentario en un artículo de forma híbrida" classname="hybrid\e2e-flows.spec.ts" time="6.569">
</testcase>
</testsuite>
<testsuite name="smoke.spec.ts" timestamp="2026-05-27T23:54:21.042Z" hostname="webkit" tests="4" failures="0" skipped="0" time="12.012" errors="0">
<testcase name="Smoke Tests - Verificación de Disponibilidad Crítica › 1. Validar disponibilidad de la Home Page y Navbar" classname="smoke.spec.ts" time="4.065">
</testcase>
<testcase name="Smoke Tests - Verificación de Disponibilidad Crítica › 2. Validar disponibilidad de la página de Sign In (Login)" classname="smoke.spec.ts" time="3.79">
</testcase>
<testcase name="Smoke Tests - Verificación de Disponibilidad Crítica › 3. Validar disponibilidad de la página de Sign Up (Registro)" classname="smoke.spec.ts" time="3.741">
</testcase>
<testcase name="Smoke Tests - Verificación de Disponibilidad Crítica › 4. Validar conectividad de red con el backend de API" classname="smoke.spec.ts" time="0.416">
</testcase>
</testsuite>
<testsuite name="ui\accessibility.spec.ts" timestamp="2026-05-27T23:54:21.042Z" hostname="webkit" tests="2" failures="0" skipped="0" time="13.262" errors="0">
<testcase name="Accessibility audits - Axe Core WCAG Standards › Debería analizar accesibilidad en la página de Home" classname="ui\accessibility.spec.ts" time="6.944">
<system-err>
<![CDATA[[Accesibilidad] Se detectaron 4 violaciones en la Home: [
  {
    id: [32m'color-contrast'[39m,
    impact: [32m'serious'[39m,
    description: [32m'Ensure the contrast between foreground and background colors meets WCAG 2 AA minimum contrast ratio thresholds'[39m
  },
  {
    id: [32m'html-has-lang'[39m,
    impact: [32m'serious'[39m,
    description: [32m'Ensure every HTML document has a lang attribute'[39m
  },
  {
    id: [32m'image-alt'[39m,
    impact: [32m'critical'[39m,
    description: [32m'Ensure <img> elements have alternative text or a role of none or presentation'[39m
  },
  {
    id: [32m'link-name'[39m,
    impact: [32m'serious'[39m,
    description: [32m'Ensure links have discernible text'[39m
  }
]
]]>
</system-err>
</testcase>
<testcase name="Accessibility audits - Axe Core WCAG Standards › Debería analizar accesibilidad en la página de Login" classname="ui\accessibility.spec.ts" time="6.318">
<system-err>
<![CDATA[[Accesibilidad] Se detectaron 2 violaciones en la página de Login: [
  {
    id: [32m'color-contrast'[39m,
    impact: [32m'serious'[39m,
    description: [32m'Ensure the contrast between foreground and background colors meets WCAG 2 AA minimum contrast ratio thresholds'[39m
  },
  {
    id: [32m'html-has-lang'[39m,
    impact: [32m'serious'[39m,
    description: [32m'Ensure every HTML document has a lang attribute'[39m
  }
]
]]>
</system-err>
</testcase>
</testsuite>
<testsuite name="ui\functional.spec.ts" timestamp="2026-05-27T23:54:21.042Z" hostname="webkit" tests="3" failures="0" skipped="0" time="11.07" errors="0">
<testcase name="UI Functional Tests - Escenarios Edge &amp; Boundary › Límite (Boundary): No debería iniciar sesión con campos de credenciales vacíos" classname="ui\functional.spec.ts" time="4.076">
</testcase>
<testcase name="UI Functional Tests - Escenarios Edge &amp; Boundary › Caso de Borde (Edge): No debería iniciar sesión con formato de correo electrónico inválido" classname="ui\functional.spec.ts" time="3.534">
</testcase>
<testcase name="UI Functional Tests - Escenarios Edge &amp; Boundary › Límite (Boundary): No debería iniciar sesión con usuario inexistente" classname="ui\functional.spec.ts" time="3.46">
</testcase>
</testsuite>
<testsuite name="ui\integration.spec.ts" timestamp="2026-05-27T23:54:21.042Z" hostname="webkit" tests="2" failures="0" skipped="0" time="6.06" errors="0">
<testcase name="UI Integration Tests - Interceptación y Mocking de Peticiones › Debería manejar correctamente un error 500 al cargar la lista de etiquetas" classname="ui\integration.spec.ts" time="2.867">
</testcase>
<testcase name="UI Integration Tests - Interceptación y Mocking de Peticiones › Debería renderizar la UI con una lista de artículos simulados (Mocking)" classname="ui\integration.spec.ts" time="3.193">
</testcase>
</testsuite>
<testsuite name="ui\performance.spec.ts" timestamp="2026-05-27T23:54:21.042Z" hostname="webkit" tests="2" failures="0" skipped="0" time="4.188" errors="0">
<testcase name="UI Frontend Performance - Core Web Vitals › Debería medir y validar rendimiento en la página de Home" classname="ui\performance.spec.ts" time="2.503">
<system-out>
<![CDATA[[Rendimiento - Home]: {
  "ttfb": 119,
  "domContentLoaded": 0,
  "loadTime": 1003,
  "fcp": 1023
}
]]>
</system-out>
</testcase>
<testcase name="UI Frontend Performance - Core Web Vitals › Debería medir y validar rendimiento en la página de Login" classname="ui\performance.spec.ts" time="1.685">
<system-out>
<![CDATA[[Rendimiento - Login]: {
  "ttfb": 88,
  "domContentLoaded": 0,
  "loadTime": 625,
  "fcp": 654
}
]]>
</system-out>
</testcase>
</testsuite>
<testsuite name="unit\helpers.spec.ts" timestamp="2026-05-27T23:54:21.042Z" hostname="webkit" tests="3" failures="0" skipped="0" time="0.016" errors="0">
<testcase name="Pruebas Unitarias - Helpers de Utilidad › Debería generar un usuario aleatorio con formato válido" classname="unit\helpers.spec.ts" time="0.008">
</testcase>
<testcase name="Pruebas Unitarias - Helpers de Utilidad › Debería formatear correctamente la fecha en formato YYYY-MM-DD" classname="unit\helpers.spec.ts" time="0.005">
</testcase>
<testcase name="Pruebas Unitarias - Helpers de Utilidad › Debería remover espacios innecesarios y saltos de línea al sanitizar texto" classname="unit\helpers.spec.ts" time="0.003">
</testcase>
</testsuite>
</testsuites>